# JRE version: OpenJDK Runtime Environment (7.0_101) (build 1.7.0_101-b00)
# Java VM: OpenJDK 64-Bit Server VM (24.95-b01 mixed mode linux-amd64 compressed oops)
Heap
 PSYoungGen      total 400896K, used 32746K [0x00000000e1e00000, 0x00000000fcb00000, 0x0000000100000000)
  eden space 368128K, 0% used [0x00000000e1e00000,0x00000000e1e00000,0x00000000f8580000)
  from space 32768K, 99% used [0x00000000f8580000,0x00000000fa57ab00,0x00000000fa580000)
  to   space 27136K, 0% used [0x00000000fa580000,0x00000000fa580000,0x00000000fc000000)
 ParOldGen       total 61440K, used 53895K [0x00000000a5a00000, 0x00000000a9600000, 0x00000000e1e00000)
  object space 61440K, 87% used [0x00000000a5a00000,0x00000000a8ea1d88,0x00000000a9600000)
 PSPermGen       total 66560K, used 66192K [0x000000009b400000, 0x000000009f500000, 0x00000000a5a00000)
  object space 66560K, 99% used [0x000000009b400000,0x000000009f4a43e0,0x000000009f500000)
GC Heap History (10 events):
Event: 3.783 GC heap after
Heap after GC invocations=4 (full 0):
 PSYoungGen      total 99840K, used 3552K [0x00000000e1e00000, 0x00000000e8300000, 0x0000000100000000)
  eden space 96256K, 0% used [0x00000000e1e00000,0x00000000e1e00000,0x00000000e7c00000)
  from space 3584K, 99% used [0x00000000e7f80000,0x00000000e82f8020,0x00000000e8300000)
  to   space 3584K, 0% used [0x00000000e7c00000,0x00000000e7c00000,0x00000000e7f80000)
 ParOldGen       total 61440K, used 6941K [0x00000000a5a00000, 0x00000000a9600000, 0x00000000e1e00000)
  object space 61440K, 11% used [0x00000000a5a00000,0x00000000a60c7490,0x00000000a9600000)
 PSPermGen       total 21504K, used 14323K [0x000000009b400000, 0x000000009c900000, 0x00000000a5a00000)
  object space 21504K, 66% used [0x000000009b400000,0x000000009c1fcdd8,0x000000009c900000)
}
Event: 5.638 GC heap before
{Heap before GC invocations=5 (full 0):
 PSYoungGen      total 99840K, used 99808K [0x00000000e1e00000, 0x00000000e8300000, 0x0000000100000000)
  eden space 96256K, 100% used [0x00000000e1e00000,0x00000000e7c00000,0x00000000e7c00000)
  from space 3584K, 99% used [0x00000000e7f80000,0x00000000e82f8020,0x00000000e8300000)
  to   space 3584K, 0% used [0x00000000e7c00000,0x00000000e7c00000,0x00000000e7f80000)
 ParOldGen       total 61440K, used 6941K [0x00000000a5a00000, 0x00000000a9600000, 0x00000000e1e00000)
  object space 61440K, 11% used [0x00000000a5a00000,0x00000000a60c7490,0x00000000a9600000)
 PSPermGen       total 21504K, used 15975K [0x000000009b400000, 0x000000009c900000, 0x00000000a5a00000)
  object space 21504K, 74% used [0x000000009b400000,0x000000009c399fd8,0x000000009c900000)
Event: 5.657 GC heap after
Heap after GC invocations=5 (full 0):
 PSYoungGen      total 99840K, used 3568K [0x00000000e1e00000, 0x00000000eef00000, 0x0000000100000000)
  eden space 96256K, 0% used [0x00000000e1e00000,0x00000000e1e00000,0x00000000e7c00000)
  from space 3584K, 99% used [0x00000000e7c00000,0x00000000e7f7c010,0x00000000e7f80000)
  to   space 10752K, 0% used [0x00000000ee480000,0x00000000ee480000,0x00000000eef00000)
 ParOldGen       total 61440K, used 13165K [0x00000000a5a00000, 0x00000000a9600000, 0x00000000e1e00000)
  object space 61440K, 21% used [0x00000000a5a00000,0x00000000a66db7d8,0x00000000a9600000)
 PSPermGen       total 21504K, used 15975K [0x000000009b400000, 0x000000009c900000, 0x00000000a5a00000)
  object space 21504K, 74% used [0x000000009b400000,0x000000009c399fd8,0x000000009c900000)
}
Event: 7.411 GC heap before
{Heap before GC invocations=6 (full 0):
 PSYoungGen      total 99840K, used 99824K [0x00000000e1e00000, 0x00000000eef00000, 0x0000000100000000)
  eden space 96256K, 100% used [0x00000000e1e00000,0x00000000e7c00000,0x00000000e7c00000)
  from space 3584K, 99% used [0x00000000e7c00000,0x00000000e7f7c010,0x00000000e7f80000)
  to   space 10752K, 0% used [0x00000000ee480000,0x00000000ee480000,0x00000000eef00000)
 ParOldGen       total 61440K, used 13165K [0x00000000a5a00000, 0x00000000a9600000, 0x00000000e1e00000)
  object space 61440K, 21% used [0x00000000a5a00000,0x00000000a66db7d8,0x00000000a9600000)
 PSPermGen       total 21504K, used 19779K [0x000000009b400000, 0x000000009c900000, 0x00000000a5a00000)
  object space 21504K, 91% used [0x000000009b400000,0x000000009c750d10,0x000000009c900000)
Event: 7.442 GC heap after
Heap after GC invocations=6 (full 0):
 PSYoungGen      total 197632K, used 10745K [0x00000000e1e00000, 0x00000000efa00000, 0x0000000100000000)
  eden space 186880K, 0% used [0x00000000e1e00000,0x00000000e1e00000,0x00000000ed480000)
  from space 10752K, 99% used [0x00000000ee480000,0x00000000eeefe760,0x00000000eef00000)
  to   space 16384K, 0% used [0x00000000ed480000,0x00000000ed480000,0x00000000ee480000)
 ParOldGen       total 61440K, used 19899K [0x00000000a5a00000, 0x00000000a9600000, 0x00000000e1e00000)
  object space 61440K, 32% used [0x00000000a5a00000,0x00000000a6d6eed8,0x00000000a9600000)
 PSPermGen       total 21504K, used 19779K [0x000000009b400000, 0x000000009c900000, 0x00000000a5a00000)
  object space 21504K, 91% used [0x000000009b400000,0x000000009c750d10,0x000000009c900000)
}
Event: 11.443 GC heap before
{Heap before GC invocations=7 (full 0):
 PSYoungGen      total 197632K, used 197625K [0x00000000e1e00000, 0x00000000efa00000, 0x0000000100000000)
  eden space 186880K, 100% used [0x00000000e1e00000,0x00000000ed480000,0x00000000ed480000)
  from space 10752K, 99% used [0x00000000ee480000,0x00000000eeefe760,0x00000000eef00000)
  to   space 16384K, 0% used [0x00000000ed480000,0x00000000ed480000,0x00000000ee480000)
 ParOldGen       total 61440K, used 19899K [0x00000000a5a00000, 0x00000000a9600000, 0x00000000e1e00000)
  object space 61440K, 32% used [0x00000000a5a00000,0x00000000a6d6eed8,0x00000000a9600000)
 PSPermGen       total 35328K, used 35217K [0x000000009b400000, 0x000000009d680000, 0x00000000a5a00000)
  object space 35328K, 99% used [0x000000009b400000,0x000000009d664788,0x000000009d680000)
Event: 11.550 GC heap after
Heap after GC invocations=7 (full 0):
 PSYoungGen      total 203264K, used 16372K [0x00000000e1e00000, 0x00000000fc000000, 0x0000000100000000)
  eden space 186880K, 0% used [0x00000000e1e00000,0x00000000e1e00000,0x00000000ed480000)
  from space 16384K, 99% used [0x00000000ed480000,0x00000000ee47d000,0x00000000ee480000)
  to   space 27136K, 0% used [0x00000000fa580000,0x00000000fa580000,0x00000000fc000000)
 ParOldGen       total 61440K, used 35353K [0x00000000a5a00000, 0x00000000a9600000, 0x00000000e1e00000)
  object space 61440K, 57% used [0x00000000a5a00000,0x00000000a7c86620,0x00000000a9600000)
 PSPermGen       total 35328K, used 35217K [0x000000009b400000, 0x000000009d680000, 0x00000000a5a00000)
  object space 35328K, 99% used [0x000000009b400000,0x000000009d664788,0x000000009d680000)
}
Event: 14.623 GC heap before
{Heap before GC invocations=8 (full 0):
 PSYoungGen      total 203264K, used 203252K [0x00000000e1e00000, 0x00000000fc000000, 0x0000000100000000)
  eden space 186880K, 100% used [0x00000000e1e00000,0x00000000ed480000,0x00000000ed480000)
  from space 16384K, 99% used [0x00000000ed480000,0x00000000ee47d000,0x00000000ee480000)
  to   space 27136K, 0% used [0x00000000fa580000,0x00000000fa580000,0x00000000fc000000)
 ParOldGen       total 61440K, used 35353K [0x00000000a5a00000, 0x00000000a9600000, 0x00000000e1e00000)
  object space 61440K, 57% used [0x00000000a5a00000,0x00000000a7c86620,0x00000000a9600000)
 PSPermGen       total 41472K, used 41206K [0x000000009b400000, 0x000000009dc80000, 0x00000000a5a00000)
  object space 41472K, 99% used [0x000000009b400000,0x000000009dc3db48,0x000000009dc80000)
Event: 14.735 GC heap after
Heap after GC invocations=8 (full 0):
 PSYoungGen      total 395264K, used 27123K [0x00000000e1e00000, 0x00000000fcb00000, 0x0000000100000000)
  eden space 368128K, 0% used [0x00000000e1e00000,0x00000000e1e00000,0x00000000f8580000)
  from space 27136K, 99% used [0x00000000fa580000,0x00000000fbffcf08,0x00000000fc000000)
  to   space 32768K, 0% used [0x00000000f8580000,0x00000000f8580000,0x00000000fa580000)
 ParOldGen       total 61440K, used 36828K [0x00000000a5a00000, 0x00000000a9600000, 0x00000000e1e00000)
  object space 61440K, 59% used [0x00000000a5a00000,0x00000000a7df70b8,0x00000000a9600000)
 PSPermGen       total 41472K, used 41206K [0x000000009b400000, 0x000000009dc80000, 0x00000000a5a00000)
  object space 41472K, 99% used [0x000000009b400000,0x000000009dc3db48,0x000000009dc80000)
}
Event: 32.895 GC heap before
{Heap before GC invocations=9 (full 0):
 PSYoungGen      total 395264K, used 395251K [0x00000000e1e00000, 0x00000000fcb00000, 0x0000000100000000)
  eden space 368128K, 100% used [0x00000000e1e00000,0x00000000f8580000,0x00000000f8580000)
  from space 27136K, 99% used [0x00000000fa580000,0x00000000fbffcf08,0x00000000fc000000)
  to   space 32768K, 0% used [0x00000000f8580000,0x00000000f8580000,0x00000000fa580000)
 ParOldGen       total 61440K, used 36828K [0x00000000a5a00000, 0x00000000a9600000, 0x00000000e1e00000)
  object space 61440K, 59% used [0x00000000a5a00000,0x00000000a7df70b8,0x00000000a9600000)
 PSPermGen       total 66560K, used 66192K [0x000000009b400000, 0x000000009f500000, 0x00000000a5a00000)
  object space 66560K, 99% used [0x000000009b400000,0x000000009f4a43e0,0x000000009f500000)

